2020-12-22 00:02:15.3025 INFO Returning Index view
2020-12-22 00:03:45.6558 INFO Returning Index view
2020-12-22 00:03:57.5200 INFO Returning Index view
2020-12-22 00:03:59.2494 INFO Returning Index view
2020-12-22 00:04:32.0221 INFO Returning Index view
2020-12-22 00:04:35.2618 INFO Returning Index view
2020-12-22 00:04:37.0648 INFO Returning Index view
2020-12-22 00:05:19.4371 INFO Returning Index view
2020-12-22 00:48:40.6591 INFO Returning Index view
2020-12-22 00:48:43.9175 INFO Returning Signup Page
2020-12-22 00:51:00.8645 INFO Returning Index view
2020-12-22 00:51:04.6095 INFO Returning Signup Page
2020-12-22 00:52:53.8246 INFO Returning Signup Page
2020-12-22 00:57:29.9449 INFO Returning Signup Page
2020-12-22 00:58:42.4814 INFO Returning Signup Page
2020-12-22 01:02:22.6985 INFO Returning Signup Page
2020-12-22 01:02:57.0273 INFO Returning Signup Page
2020-12-22 01:03:05.9483 INFO Returning Index view
2020-12-22 01:03:57.6991 INFO Returning Signup Page
2020-12-22 01:05:05.5628 INFO Returning Signup Page
2020-12-22 01:05:25.1454 INFO Returning Signup Page
2020-12-22 01:06:41.5973 INFO Returning Signup Page
2020-12-22 01:07:01.6660 INFO Returning Signup Page
2020-12-22 01:07:04.7919 INFO Returning Index view
2020-12-22 01:16:53.1992 INFO Returning Signup Page
2020-12-22 01:23:25.8909 INFO Returning Signup Page
2020-12-22 01:24:30.5436 INFO Returning Signup Page
2020-12-22 01:27:11.9788 INFO Returning Signup Page
2020-12-22 01:28:06.7201 INFO Returning Signup Page
2020-12-22 01:28:34.7808 INFO Returning Signup Page
2020-12-22 01:29:23.9062 INFO Returning Signup Page
2020-12-22 01:51:34.9525 INFO Returning Index view
2020-12-22 01:51:49.7444 INFO Verifying session
2020-12-22 01:51:49.7444 INFO Session Verified
2020-12-22 01:51:57.5069 INFO User logging out and terminating the session
2020-12-22 01:51:57.5223 INFO Returning Index view
2020-12-22 01:54:59.7264 INFO Returning Signup Page
2020-12-22 01:55:44.7025 INFO Returning Signup Page
2020-12-22 01:56:01.8065 INFO Returning Index view
2020-12-22 01:56:05.9049 INFO Returning Index view
2020-12-22 01:56:07.2971 INFO Returning Signup Page
2020-12-22 01:56:08.5911 INFO Returning Index view
2020-12-22 01:56:51.6969 INFO Returning Signup Page
2020-12-22 01:56:54.5012 INFO Returning Index view
2020-12-22 01:56:57.8863 INFO Returning Index view
2020-12-22 01:56:59.4317 INFO Returning Signup Page
2020-12-22 01:57:02.0892 INFO Returning Index view
2020-12-22 01:57:10.3012 INFO Verifying session
2020-12-22 01:57:10.3012 INFO Session Verified
2020-12-22 01:57:55.2482 INFO Verifying session
2020-12-22 01:57:55.2671 INFO Session not Verified
2020-12-22 01:58:04.8850 INFO Verifying session
2020-12-22 01:58:04.8850 INFO Session Verified
2020-12-22 01:59:13.4614 INFO Verifying session
2020-12-22 01:59:13.4805 INFO Session not Verified
2020-12-22 01:59:21.7158 INFO Verifying session
2020-12-22 01:59:21.7158 INFO Session Verified
2020-12-22 02:00:47.1537 INFO Verifying session
2020-12-22 02:00:47.1736 INFO Session not Verified
2020-12-22 02:00:57.0397 INFO Verifying session
2020-12-22 02:00:57.0397 INFO Session Verified
2020-12-22 02:31:24.0060 INFO Verifying session
2020-12-22 02:31:24.0239 INFO Session not Verified
2020-12-22 02:31:28.8498 INFO Returning Index view
2020-12-22 02:31:44.9849 INFO Returning Signup Page
2020-12-22 02:33:09.6434 INFO User submitted the Signup form
2020-12-22 02:33:09.6504 INFO Saving Image details in the database
2020-12-22 02:33:10.8436 INFO Saving the signup details in the database
2020-12-22 02:33:10.9515 INFO Saving the log in details in the database
2020-12-22 02:33:10.9515 INFO Redirecting user to login page
2020-12-22 02:33:10.9670 INFO Returning Index view
2020-12-22 02:33:23.3839 INFO Verifying session
2020-12-22 02:33:23.3839 INFO Session Verified
2020-12-22 02:33:41.8349 INFO User logging out and terminating the session
2020-12-22 02:33:41.8349 INFO Returning Index view
2020-12-22 02:34:05.3392 INFO Returning Signup Page
2020-12-22 02:34:24.9448 INFO Returning Index view
