2020-12-21 01:38:52.7539 INFO Returning Index view
2020-12-21 02:11:20.2853 INFO Returning the Login View
2020-12-21 02:11:32.3105 INFO User submitted the login form
2020-12-21 02:11:33.7485 INFO Login succeeded. Redirecting user to Dasboard
2020-12-21 02:11:33.7619 INFO Verifying session
2020-12-21 02:11:33.7619 INFO Session Verified
2020-12-21 02:13:44.4247 INFO Returning Index view
2020-12-21 02:14:13.4374 INFO Returning the Login View
2020-12-21 02:14:20.1365 INFO User submitted the login form
2020-12-21 02:14:21.6699 INFO Login succeeded. Redirecting user to Dasboard
2020-12-21 02:14:21.6849 INFO Verifying session
2020-12-21 02:14:21.6849 INFO Session Verified
2020-12-21 02:15:43.8087 INFO Returning Index view
2020-12-21 02:15:49.6943 INFO Returning the Login View
2020-12-21 02:15:55.7528 INFO User submitted the login form
2020-12-21 02:15:57.2400 INFO Login succeeded. Redirecting user to Dasboard
2020-12-21 02:15:57.2610 INFO Verifying session
2020-12-21 02:15:57.2610 INFO Session Verified
2020-12-21 02:17:04.0819 INFO Returning Index view
2020-12-21 02:17:13.0925 INFO Returning the Login View
2020-12-21 02:17:18.8286 INFO User submitted the login form
2020-12-21 02:17:20.2815 INFO Login succeeded. Redirecting user to Dasboard
2020-12-21 02:17:20.3053 INFO Verifying session
2020-12-21 02:17:20.3053 INFO Session Verified
2020-12-21 02:18:28.0660 INFO Returning Index view
2020-12-21 02:18:47.6150 INFO Returning the Login View
2020-12-21 02:18:53.2676 INFO User submitted the login form
2020-12-21 02:18:54.7129 INFO Login succeeded. Redirecting user to Dasboard
2020-12-21 02:18:54.7371 INFO Verifying session
2020-12-21 02:18:54.7371 INFO Session Verified
2020-12-21 02:19:40.3278 INFO Returning Index view
2020-12-21 02:21:14.6313 INFO Returning the Login View
2020-12-21 02:21:22.4627 INFO User submitted the login form
2020-12-21 02:21:23.6661 INFO Login succeeded. Redirecting user to Dasboard
2020-12-21 02:21:23.6787 INFO Verifying session
2020-12-21 02:21:23.6787 INFO Session Verified
2020-12-21 02:21:32.0067 INFO User logging out and terminating the session
2020-12-21 02:21:32.0067 INFO Returning Index view
2020-12-21 17:59:26.4954 INFO Returning Index view
2020-12-21 17:59:55.2811 INFO Verifying session
2020-12-21 17:59:55.2811 INFO Session Verified
2020-12-21 18:00:01.0423 INFO User logging out and terminating the session
2020-12-21 18:00:01.0602 INFO Returning Index view
2020-12-21 23:27:10.6362 INFO Returning Index view
2020-12-21 23:28:37.8997 INFO Returning Index view
2020-12-21 23:28:46.4190 INFO Verifying session
2020-12-21 23:28:46.4190 INFO Session Verified
2020-12-21 23:28:48.8949 INFO User logging out and terminating the session
2020-12-21 23:28:48.9017 INFO Returning Index view
